[01m[K/home/shiyao/Documents/GitHub/MTRX3760-Project-1/turtlebot3_ws/src/turtlebot3_simulations/turtlebot3_gazebo/src/turtlebot3_drive.cpp:[m[K In member function â€˜[01m[Kvoid Turtlebot3Drive::[01;32m[Kupdate_callback[m[K()[m[Kâ€™:
[01m[K/home/shiyao/Documents/GitHub/MTRX3760-Project-1/turtlebot3_ws/src/turtlebot3_simulations/turtlebot3_gazebo/src/turtlebot3_drive.cpp:279:17:[m[K [01;35m[Kwarning: [m[Kleft operand of comma operator has no effect [[01;35m[K]8;;https://gcc.gnu.org/onlinedocs/gcc/Warning-Options.html#index-Wunused-value-Wunused-value]8;;[m[K]
  279 |                 [01;35m[K"[LEFT TURN] Progress: %.1fÂ°"[m[K, fabs(angle_diff) * RAD2DEG);
      |                 [01;35m[K^~~~~~~~~~~~~~~~~~~~~~~~~~~~~[m[K
[01m[K/home/shiyao/Documents/GitHub/MTRX3760-Project-1/turtlebot3_ws/src/turtlebot3_simulations/turtlebot3_gazebo/src/turtlebot3_drive.cpp:279:74:[m[K [01;31m[Kerror: [m[Kexpected â€˜[01m[K;[m[Kâ€™ before â€˜[01m[K)[m[Kâ€™ token
  279 |             "[LEFT TURN] Progress: %.1fÂ°", fabs(angle_diff) * RAD2DEG[01;31m[K)[m[K;
      |                                                                      [01;31m[K^[m[K

[01m[K/home/shiyao/Documents/GitHub/MTRX3760-Project-1/turtlebot3_ws/src/turtlebot3_simulations/turtlebot3_gazebo/src/turtlebot3_drive.cpp:279:65:[m[K [01;35m[Kwarning: [m[Kright operand of comma operator has no effect [[01;35m[K]8;;https://gcc.gnu.org/onlinedocs/gcc/Warning-Options.html#index-Wunused-value-Wunused-value]8;;[m[K]
  279 |             "[LEFT TURN] Progress: %.1fÂ°", fabs(angle_diff) * RAD2DEG);

[01m[K/home/shiyao/Documents/GitHub/MTRX3760-Project-1/turtlebot3_ws/src/turtlebot3_simulations/turtlebot3_gazebo/src/turtlebot3_drive.cpp:170:18:[m[K [01;35m[Kwarning: [m[Kunused variable â€˜[01m[KWALL_FOLLOW_DISTANCE[m[Kâ€™ [[01;35m[K]8;;https://gcc.gnu.org/onlinedocs/gcc/Warning-Options.html#index-Wunused-variable-Wunused-variable]8;;[m[K]
  170 |     const double [01;35m[KWALL_FOLLOW_DISTANCE[m[K = 0.3;  // Ideal distance from right wall
      |                  [01;35m[K^~~~~~~~~~~~~~~~~~~~[m[K
gmake[2]: *** [CMakeFiles/turtlebot3_drive.dir/build.make:76: CMakeFiles/turtlebot3_drive.dir/src/turtlebot3_drive.cpp.o] Error 1
gmake[1]: *** [CMakeFiles/Makefile2:143: CMakeFiles/turtlebot3_drive.dir/all] Error 2
gmake: *** [Makefile:146: all] Error 2
