[0.008s] Invoking command in '/home/shiyao/Documents/GitHub/MTRX3760-Project-1/turtlebot3_ws/build/turtlebot3_gazebo': CMAKE_PREFIX_PATH=${CMAKE_PREFIX_PATH}:/home/shiyao/turtlebot3_ws/install/turtlebot3_teleop:/home/shiyao/turtlebot3_ws/install/turtlebot3_example:/home/shiyao/turtlebot3_ws/install/turtlebot3_gazebo:/opt/ros/jazzy DEBUGINFOD_URLS=https://debuginfod.ubuntu.com /usr/bin/cmake --build /home/shiyao/Documents/GitHub/MTRX3760-Project-1/turtlebot3_ws/build/turtlebot3_gazebo -- -j12 -l12
[0.073s] [ 75%] Built target obstacle1
[0.073s] [ 75%] Built target obstacle2
[0.073s] [ 75%] Built target obstacles
[0.083s] [ 87%] [32mBuilding CXX object CMakeFiles/turtlebot3_drive.dir/src/turtlebot3_drive.cpp.o[0m
[1.649s] [01m[K/home/shiyao/Documents/GitHub/MTRX3760-Project-1/turtlebot3_ws/src/turtlebot3_simulations/turtlebot3_gazebo/src/turtlebot3_drive.cpp:[m[K In member function â€˜[01m[Kvoid Turtlebot3Drive::[01;32m[Kupdate_callback[m[K()[m[Kâ€™:
[1.649s] [01m[K/home/shiyao/Documents/GitHub/MTRX3760-Project-1/turtlebot3_ws/src/turtlebot3_simulations/turtlebot3_gazebo/src/turtlebot3_drive.cpp:279:17:[m[K [01;35m[Kwarning: [m[Kleft operand of comma operator has no effect [[01;35m[K]8;;https://gcc.gnu.org/onlinedocs/gcc/Warning-Options.html#index-Wunused-value-Wunused-value]8;;[m[K]
[1.649s]   279 |                 [01;35m[K"[LEFT TURN] Progress: %.1fÂ°"[m[K, fabs(angle_diff) * RAD2DEG);
[1.649s]       |                 [01;35m[K^~~~~~~~~~~~~~~~~~~~~~~~~~~~~[m[K
[1.649s] [01m[K/home/shiyao/Documents/GitHub/MTRX3760-Project-1/turtlebot3_ws/src/turtlebot3_simulations/turtlebot3_gazebo/src/turtlebot3_drive.cpp:279:74:[m[K [01;31m[Kerror: [m[Kexpected â€˜[01m[K;[m[Kâ€™ before â€˜[01m[K)[m[Kâ€™ token
[1.650s]   279 |             "[LEFT TURN] Progress: %.1fÂ°", fabs(angle_diff) * RAD2DEG[01;31m[K)[m[K;
[1.650s]       |                                                                      [01;31m[K^[m[K
[1.650s] 
[1.650s] [01m[K/home/shiyao/Documents/GitHub/MTRX3760-Project-1/turtlebot3_ws/src/turtlebot3_simulations/turtlebot3_gazebo/src/turtlebot3_drive.cpp:279:65:[m[K [01;35m[Kwarning: [m[Kright operand of comma operator has no effect [[01;35m[K]8;;https://gcc.gnu.org/onlinedocs/gcc/Warning-Options.html#index-Wunused-value-Wunused-value]8;;[m[K]
[1.650s]   279 |             "[LEFT TURN] Progress: %.1fÂ°", fabs(angle_diff) * RAD2DEG);
[1.650s] 
[1.650s] [01m[K/home/shiyao/Documents/GitHub/MTRX3760-Project-1/turtlebot3_ws/src/turtlebot3_simulations/turtlebot3_gazebo/src/turtlebot3_drive.cpp:170:18:[m[K [01;35m[Kwarning: [m[Kunused variable â€˜[01m[KWALL_FOLLOW_DISTANCE[m[Kâ€™ [[01;35m[K]8;;https://gcc.gnu.org/onlinedocs/gcc/Warning-Options.html#index-Wunused-variable-Wunused-variable]8;;[m[K]
[1.650s]   170 |     const double [01;35m[KWALL_FOLLOW_DISTANCE[m[K = 0.3;  // Ideal distance from right wall
[1.650s]       |                  [01;35m[K^~~~~~~~~~~~~~~~~~~~[m[K
[3.686s] gmake[2]: *** [CMakeFiles/turtlebot3_drive.dir/build.make:76: CMakeFiles/turtlebot3_drive.dir/src/turtlebot3_drive.cpp.o] Error 1
[3.687s] gmake[1]: *** [CMakeFiles/Makefile2:143: CMakeFiles/turtlebot3_drive.dir/all] Error 2
[3.687s] gmake: *** [Makefile:146: all] Error 2
[3.689s] Invoked command in '/home/shiyao/Documents/GitHub/MTRX3760-Project-1/turtlebot3_ws/build/turtlebot3_gazebo' returned '2': CMAKE_PREFIX_PATH=${CMAKE_PREFIX_PATH}:/home/shiyao/turtlebot3_ws/install/turtlebot3_teleop:/home/shiyao/turtlebot3_ws/install/turtlebot3_example:/home/shiyao/turtlebot3_ws/install/turtlebot3_gazebo:/opt/ros/jazzy DEBUGINFOD_URLS=https://debuginfod.ubuntu.com /usr/bin/cmake --build /home/shiyao/Documents/GitHub/MTRX3760-Project-1/turtlebot3_ws/build/turtlebot3_gazebo -- -j12 -l12
