In file included from [01m[K/home/shiyao/turtlebot3_ws/src/turtlebot3_simulations/turtlebot3_gazebo/src/turtlebot3_drive.cpp:17[m[K:
[01m[K/home/shiyao/turtlebot3_ws/src/turtlebot3_simulations/turtlebot3_gazebo/include/turtlebot3_gazebo/turtlebot3_drive.hpp:38:27:[m[K [01;31m[Kerror: [m[Kexpected identifier before numeric constant
   38 | #define GET_TB3_DIRECTION [01;31m[K0[m[K
      |                           [01;31m[K^[m[K
[01m[K/home/shiyao/turtlebot3_ws/src/turtlebot3_simulations/turtlebot3_gazebo/include/turtlebot3_gazebo/turtlebot3_drive.hpp:77:5:[m[K [01;36m[Knote: [m[Kin expansion of macro â€˜[01m[KGET_TB3_DIRECTION[m[Kâ€™
   77 |     [01;36m[KGET_TB3_DIRECTION[m[K = 2,
      |     [01;36m[K^~~~~~~~~~~~~~~~~[m[K
[01m[K/home/shiyao/turtlebot3_ws/src/turtlebot3_simulations/turtlebot3_gazebo/include/turtlebot3_gazebo/turtlebot3_drive.hpp:38:27:[m[K [01;31m[Kerror: [m[Kexpected â€˜[01m[K}[m[Kâ€™ before numeric constant
   38 | #define GET_TB3_DIRECTION [01;31m[K0[m[K
      |                           [01;31m[K^[m[K
[01m[K/home/shiyao/turtlebot3_ws/src/turtlebot3_simulations/turtlebot3_gazebo/include/turtlebot3_gazebo/turtlebot3_drive.hpp:77:5:[m[K [01;36m[Knote: [m[Kin expansion of macro â€˜[01m[KGET_TB3_DIRECTION[m[Kâ€™
   77 |     [01;36m[KGET_TB3_DIRECTION[m[K = 2,
      |     [01;36m[K^~~~~~~~~~~~~~~~~[m[K
[01m[K/home/shiyao/turtlebot3_ws/src/turtlebot3_simulations/turtlebot3_gazebo/include/turtlebot3_gazebo/turtlebot3_drive.hpp:74:3:[m[K [01;36m[Knote: [m[Kto match this â€˜[01m[K{[m[Kâ€™
   74 |   [01;36m[K{[m[K
      |   [01;36m[K^[m[K
[01m[K/home/shiyao/turtlebot3_ws/src/turtlebot3_simulations/turtlebot3_gazebo/include/turtlebot3_gazebo/turtlebot3_drive.hpp:38:27:[m[K [01;31m[Kerror: [m[Kexpected unqualified-id before numeric constant
   38 | #define GET_TB3_DIRECTION [01;31m[K0[m[K
      |                           [01;31m[K^[m[K
[01m[K/home/shiyao/turtlebot3_ws/src/turtlebot3_simulations/turtlebot3_gazebo/include/turtlebot3_gazebo/turtlebot3_drive.hpp:77:5:[m[K [01;36m[Knote: [m[Kin expansion of macro â€˜[01m[KGET_TB3_DIRECTION[m[Kâ€™
   77 |     [01;36m[KGET_TB3_DIRECTION[m[K = 2,
      |     [01;36m[K^~~~~~~~~~~~~~~~~[m[K
[01m[K/home/shiyao/turtlebot3_ws/src/turtlebot3_simulations/turtlebot3_gazebo/include/turtlebot3_gazebo/turtlebot3_drive.hpp:86:1:[m[K [01;31m[Kerror: [m[Kexpected declaration before â€˜[01m[K}[m[Kâ€™ token
   86 | [01;31m[K}[m[K;
      | [01;31m[K^[m[K
[01m[K/home/shiyao/turtlebot3_ws/src/turtlebot3_simulations/turtlebot3_gazebo/src/turtlebot3_drive.cpp:[m[K In member function â€˜[01m[Kvoid Turtlebot3Drive::[01;32m[Kupdate_callback[m[K()[m[Kâ€™:
[01m[K/home/shiyao/turtlebot3_ws/src/turtlebot3_simulations/turtlebot3_gazebo/src/turtlebot3_drive.cpp:275:5:[m[K [01;31m[Kerror: [m[Kduplicate case value
  275 |     [01;31m[Kcase[m[K GET_TB3_DIRECTION:
      |     [01;31m[K^~~~[m[K
[01m[K/home/shiyao/turtlebot3_ws/src/turtlebot3_simulations/turtlebot3_gazebo/src/turtlebot3_drive.cpp:233:5:[m[K [01;36m[Knote: [m[Kpreviously used here
  233 |     [01;36m[Kcase[m[K FIND_WALL:
      |     [01;36m[K^~~~[m[K
[01m[K/home/shiyao/turtlebot3_ws/src/turtlebot3_simulations/turtlebot3_gazebo/include/turtlebot3_gazebo/turtlebot3_drive.hpp:39:27:[m[K [01;31m[Kerror: [m[Kjump to case label
   39 | #define TB3_DRIVE_FORWARD [01;31m[K1[m[K
      |                           [01;31m[K^[m[K
[01m[K/home/shiyao/turtlebot3_ws/src/turtlebot3_simulations/turtlebot3_gazebo/src/turtlebot3_drive.cpp:303:10:[m[K [01;36m[Knote: [m[Kin expansion of macro â€˜[01m[KTB3_DRIVE_FORWARD[m[Kâ€™
  303 |     case [01;36m[KTB3_DRIVE_FORWARD[m[K:
      |          [01;36m[K^~~~~~~~~~~~~~~~~[m[K
[01m[K/home/shiyao/turtlebot3_ws/src/turtlebot3_simulations/turtlebot3_gazebo/src/turtlebot3_drive.cpp:280:12:[m[K [01;36m[Knote: [m[K  crosses initialization of â€˜[01m[Kbool front_wall_detected[m[Kâ€™
  280 |       bool [01;36m[Kfront_wall_detected[m[K = (scan_data_[CENTER] <= CHECK_FORWARD_DIST);
      |            [01;36m[K^~~~~~~~~~~~~~~~~~~[m[K
[01m[K/home/shiyao/turtlebot3_ws/src/turtlebot3_simulations/turtlebot3_gazebo/src/turtlebot3_drive.cpp:279:12:[m[K [01;36m[Knote: [m[K  crosses initialization of â€˜[01m[Kbool right_wall_detected[m[Kâ€™
  279 |       bool [01;36m[Kright_wall_detected[m[K = (scan_data_[RIGHT] <= CHECK_SIDE_DIST);
      |            [01;36m[K^~~~~~~~~~~~~~~~~~~[m[K
[01m[K/home/shiyao/turtlebot3_ws/src/turtlebot3_simulations/turtlebot3_gazebo/include/turtlebot3_gazebo/turtlebot3_drive.hpp:40:27:[m[K [01;31m[Kerror: [m[Kjump to case label
   40 | #define TB3_RIGHT_TURN    [01;31m[K2[m[K
      |                           [01;31m[K^[m[K
[01m[K/home/shiyao/turtlebot3_ws/src/turtlebot3_simulations/turtlebot3_gazebo/src/turtlebot3_drive.cpp:309:10:[m[K [01;36m[Knote: [m[Kin expansion of macro â€˜[01m[KTB3_RIGHT_TURN[m[Kâ€™
  309 |     case [01;36m[KTB3_RIGHT_TURN[m[K:
      |          [01;36m[K^~~~~~~~~~~~~~[m[K
[01m[K/home/shiyao/turtlebot3_ws/src/turtlebot3_simulations/turtlebot3_gazebo/src/turtlebot3_drive.cpp:280:12:[m[K [01;36m[Knote: [m[K  crosses initialization of â€˜[01m[Kbool front_wall_detected[m[Kâ€™
  280 |       bool [01;36m[Kfront_wall_detected[m[K = (scan_data_[CENTER] <= CHECK_FORWARD_DIST);
      |            [01;36m[K^~~~~~~~~~~~~~~~~~~[m[K
[01m[K/home/shiyao/turtlebot3_ws/src/turtlebot3_simulations/turtlebot3_gazebo/src/turtlebot3_drive.cpp:279:12:[m[K [01;36m[Knote: [m[K  crosses initialization of â€˜[01m[Kbool right_wall_detected[m[Kâ€™
  279 |       bool [01;36m[Kright_wall_detected[m[K = (scan_data_[RIGHT] <= CHECK_SIDE_DIST);
      |            [01;36m[K^~~~~~~~~~~~~~~~~~~[m[K
[01m[K/home/shiyao/turtlebot3_ws/src/turtlebot3_simulations/turtlebot3_gazebo/src/turtlebot3_drive.cpp:314:17:[m[K [01;31m[Kerror: [m[Kâ€˜[01m[KTB3_AFTER_RIGHT_TURN[m[Kâ€™ was not declared in this scope; did you mean â€˜[01m[KTB3_RIGHT_TURN[m[Kâ€™?
  314 |         state = [01;31m[KTB3_AFTER_RIGHT_TURN[m[K;
      |                 [01;31m[K^~~~~~~~~~~~~~~~~~~~[m[K
      |                 [32m[KTB3_RIGHT_TURN[m[K
[01m[K/home/shiyao/turtlebot3_ws/src/turtlebot3_simulations/turtlebot3_gazebo/src/turtlebot3_drive.cpp:320:10:[m[K [01;31m[Kerror: [m[Kâ€˜[01m[KTB3_AFTER_RIGHT_TURN[m[Kâ€™ was not declared in this scope; did you mean â€˜[01m[KTB3_RIGHT_TURN[m[Kâ€™?
  320 |     case [01;31m[KTB3_AFTER_RIGHT_TURN[m[K:
      |          [01;31m[K^~~~~~~~~~~~~~~~~~~~[m[K
      |          [32m[KTB3_RIGHT_TURN[m[K
[01m[K/home/shiyao/turtlebot3_ws/src/turtlebot3_simulations/turtlebot3_gazebo/src/turtlebot3_drive.cpp:320:10:[m[K [01;31m[Kerror: [m[Kjump to case label
[01m[K/home/shiyao/turtlebot3_ws/src/turtlebot3_simulations/turtlebot3_gazebo/src/turtlebot3_drive.cpp:280:12:[m[K [01;36m[Knote: [m[K  crosses initialization of â€˜[01m[Kbool front_wall_detected[m[Kâ€™
  280 |       bool [01;36m[Kfront_wall_detected[m[K = (scan_data_[CENTER] <= CHECK_FORWARD_DIST);
      |            [01;36m[K^~~~~~~~~~~~~~~~~~~[m[K
[01m[K/home/shiyao/turtlebot3_ws/src/turtlebot3_simulations/turtlebot3_gazebo/src/turtlebot3_drive.cpp:279:12:[m[K [01;36m[Knote: [m[K  crosses initialization of â€˜[01m[Kbool right_wall_detected[m[Kâ€™
  279 |       bool [01;36m[Kright_wall_detected[m[K = (scan_data_[RIGHT] <= CHECK_SIDE_DIST);
      |            [01;36m[K^~~~~~~~~~~~~~~~~~~[m[K
[01m[K/home/shiyao/turtlebot3_ws/src/turtlebot3_simulations/turtlebot3_gazebo/include/turtlebot3_gazebo/turtlebot3_drive.hpp:41:27:[m[K [01;31m[Kerror: [m[Kjump to case label
   41 | #define TB3_LEFT_TURN     [01;31m[K3[m[K
      |                           [01;31m[K^[m[K
[01m[K/home/shiyao/turtlebot3_ws/src/turtlebot3_simulations/turtlebot3_gazebo/src/turtlebot3_drive.cpp:329:10:[m[K [01;36m[Knote: [m[Kin expansion of macro â€˜[01m[KTB3_LEFT_TURN[m[Kâ€™
  329 |     case [01;36m[KTB3_LEFT_TURN[m[K:
      |          [01;36m[K^~~~~~~~~~~~~[m[K
[01m[K/home/shiyao/turtlebot3_ws/src/turtlebot3_simulations/turtlebot3_gazebo/src/turtlebot3_drive.cpp:280:12:[m[K [01;36m[Knote: [m[K  crosses initialization of â€˜[01m[Kbool front_wall_detected[m[Kâ€™
  280 |       bool [01;36m[Kfront_wall_detected[m[K = (scan_data_[CENTER] <= CHECK_FORWARD_DIST);
      |            [01;36m[K^~~~~~~~~~~~~~~~~~~[m[K
[01m[K/home/shiyao/turtlebot3_ws/src/turtlebot3_simulations/turtlebot3_gazebo/src/turtlebot3_drive.cpp:279:12:[m[K [01;36m[Knote: [m[K  crosses initialization of â€˜[01m[Kbool right_wall_detected[m[Kâ€™
  279 |       bool [01;36m[Kright_wall_detected[m[K = (scan_data_[RIGHT] <= CHECK_SIDE_DIST);
      |            [01;36m[K^~~~~~~~~~~~~~~~~~~[m[K
[01m[K/home/shiyao/turtlebot3_ws/src/turtlebot3_simulations/turtlebot3_gazebo/src/turtlebot3_drive.cpp:339:5:[m[K [01;31m[Kerror: [m[Kjump to case label
  339 |     [01;31m[Kdefault[m[K:
      |     [01;31m[K^~~~~~~[m[K
[01m[K/home/shiyao/turtlebot3_ws/src/turtlebot3_simulations/turtlebot3_gazebo/src/turtlebot3_drive.cpp:280:12:[m[K [01;36m[Knote: [m[K  crosses initialization of â€˜[01m[Kbool front_wall_detected[m[Kâ€™
  280 |       bool [01;36m[Kfront_wall_detected[m[K = (scan_data_[CENTER] <= CHECK_FORWARD_DIST);
      |            [01;36m[K^~~~~~~~~~~~~~~~~~~[m[K
[01m[K/home/shiyao/turtlebot3_ws/src/turtlebot3_simulations/turtlebot3_gazebo/src/turtlebot3_drive.cpp:279:12:[m[K [01;36m[Knote: [m[K  crosses initialization of â€˜[01m[Kbool right_wall_detected[m[Kâ€™
  279 |       bool [01;36m[Kright_wall_detected[m[K = (scan_data_[RIGHT] <= CHECK_SIDE_DIST);
      |            [01;36m[K^~~~~~~~~~~~~~~~~~~[m[K
gmake[2]: *** [CMakeFiles/turtlebot3_drive.dir/build.make:76: CMakeFiles/turtlebot3_drive.dir/src/turtlebot3_drive.cpp.o] Error 1
gmake[1]: *** [CMakeFiles/Makefile2:143: CMakeFiles/turtlebot3_drive.dir/all] Error 2
gmake: *** [Makefile:146: all] Error 2
