[0.008s] Invoking command in '/home/shiyao/turtlebot3_ws/build/turtlebot3_gazebo': CMAKE_PREFIX_PATH=${CMAKE_PREFIX_PATH}:/home/shiyao/turtlebot3_ws/install/turtlebot3_teleop:/home/shiyao/turtlebot3_ws/install/turtlebot3_example:/opt/ros/jazzy DEBUGINFOD_URLS=https://debuginfod.ubuntu.com /usr/bin/cmake --build /home/shiyao/turtlebot3_ws/build/turtlebot3_gazebo -- -j12 -l12
[0.076s] [ 75%] Built target obstacle2
[0.077s] [ 75%] Built target obstacles
[0.077s] [ 75%] Built target obstacle1
[0.079s] [ 87%] [32mBuilding CXX object CMakeFiles/turtlebot3_drive.dir/src/turtlebot3_drive.cpp.o[0m
[1.616s] [01m[K/home/shiyao/turtlebot3_ws/src/turtlebot3_simulations/turtlebot3_gazebo/src/turtlebot3_drive.cpp:[m[K In member function â€˜[01m[Kvoid Turtlebot3Drive::[01;32m[Kupdate_callback[m[K()[m[Kâ€™:
[1.616s] [01m[K/home/shiyao/turtlebot3_ws/src/turtlebot3_simulations/turtlebot3_gazebo/src/turtlebot3_drive.cpp:177:17:[m[K [01;31m[Kerror: [m[Kâ€˜[01m[KTB3_AFTER_TURN_FORWARD[m[Kâ€™ was not declared in this scope
[1.616s]   177 |         state = [01;31m[KTB3_AFTER_TURN_FORWARD[m[K;
[1.617s]       |                 [01;31m[K^~~~~~~~~~~~~~~~~~~~~~[m[K
[1.626s] [01m[K/home/shiyao/turtlebot3_ws/src/turtlebot3_simulations/turtlebot3_gazebo/src/turtlebot3_drive.cpp:183:10:[m[K [01;31m[Kerror: [m[Kâ€˜[01m[KTB3_AFTER_TURN_FORWARD[m[Kâ€™ was not declared in this scope
[1.627s]   183 |     case [01;31m[KTB3_AFTER_TURN_FORWARD[m[K:
[1.627s]       |          [01;31m[K^~~~~~~~~~~~~~~~~~~~~~[m[K
[1.634s] [01m[K/home/shiyao/turtlebot3_ws/src/turtlebot3_simulations/turtlebot3_gazebo/src/turtlebot3_drive.cpp:185:51:[m[K [01;31m[Kerror: [m[Kâ€˜[01m[Kforward_distance[m[Kâ€™ was not declared in this scope
[1.634s]   185 |       if (fabs(prev_robot_pose_ - robot_pose_) >= [01;31m[Kforward_distance[m[K) {
[1.634s]       |                                                   [01;31m[K^~~~~~~~~~~~~~~~[m[K
[3.626s] gmake[2]: *** [CMakeFiles/turtlebot3_drive.dir/build.make:76: CMakeFiles/turtlebot3_drive.dir/src/turtlebot3_drive.cpp.o] Error 1
[3.626s] gmake[1]: *** [CMakeFiles/Makefile2:143: CMakeFiles/turtlebot3_drive.dir/all] Error 2
[3.627s] gmake: *** [Makefile:146: all] Error 2
[3.628s] Invoked command in '/home/shiyao/turtlebot3_ws/build/turtlebot3_gazebo' returned '2': CMAKE_PREFIX_PATH=${CMAKE_PREFIX_PATH}:/home/shiyao/turtlebot3_ws/install/turtlebot3_teleop:/home/shiyao/turtlebot3_ws/install/turtlebot3_example:/opt/ros/jazzy DEBUGINFOD_URLS=https://debuginfod.ubuntu.com /usr/bin/cmake --build /home/shiyao/turtlebot3_ws/build/turtlebot3_gazebo -- -j12 -l12
