[0.008s] Invoking command in '/home/shiyao/turtlebot3_ws/build/turtlebot3_gazebo': CMAKE_PREFIX_PATH=${CMAKE_PREFIX_PATH}:/home/shiyao/turtlebot3_ws/install/turtlebot3_teleop:/home/shiyao/turtlebot3_ws/install/turtlebot3_example:/opt/ros/jazzy DEBUGINFOD_URLS=https://debuginfod.ubuntu.com /usr/bin/cmake --build /home/shiyao/turtlebot3_ws/build/turtlebot3_gazebo -- -j12 -l12
[0.059s] [ 75%] Built target obstacle1
[0.059s] [ 75%] Built target obstacles
[0.059s] [ 75%] Built target obstacle2
[0.064s] [ 87%] [32mBuilding CXX object CMakeFiles/turtlebot3_drive.dir/src/turtlebot3_drive.cpp.o[0m
[1.617s] [01m[K/home/shiyao/turtlebot3_ws/src/turtlebot3_simulations/turtlebot3_gazebo/src/turtlebot3_drive.cpp:[m[K In member function â€˜[01m[Kvoid Turtlebot3Drive::[01;32m[Kupdate_callback[m[K()[m[Kâ€™:
[1.618s] [01m[K/home/shiyao/turtlebot3_ws/src/turtlebot3_simulations/turtlebot3_gazebo/src/turtlebot3_drive.cpp:178:17:[m[K [01;31m[Kerror: [m[Kâ€˜[01m[KTB3_AFTER_TURN_FORWARD[m[Kâ€™ was not declared in this scope
[1.618s]   178 |         state = [01;31m[KTB3_AFTER_TURN_FORWARD[m[K;
[1.618s]       |                 [01;31m[K^~~~~~~~~~~~~~~~~~~~~~[m[K
[1.628s] [01m[K/home/shiyao/turtlebot3_ws/src/turtlebot3_simulations/turtlebot3_gazebo/src/turtlebot3_drive.cpp:184:10:[m[K [01;31m[Kerror: [m[Kâ€˜[01m[KTB3_AFTER_TURN_FORWARD[m[Kâ€™ was not declared in this scope
[1.628s]   184 |     case [01;31m[KTB3_AFTER_TURN_FORWARD[m[K:
[1.628s]       |          [01;31m[K^~~~~~~~~~~~~~~~~~~~~~[m[K
[3.631s] gmake[2]: *** [CMakeFiles/turtlebot3_drive.dir/build.make:76: CMakeFiles/turtlebot3_drive.dir/src/turtlebot3_drive.cpp.o] Error 1
[3.631s] gmake[1]: *** [CMakeFiles/Makefile2:143: CMakeFiles/turtlebot3_drive.dir/all] Error 2
[3.631s] gmake: *** [Makefile:146: all] Error 2
[3.633s] Invoked command in '/home/shiyao/turtlebot3_ws/build/turtlebot3_gazebo' returned '2': CMAKE_PREFIX_PATH=${CMAKE_PREFIX_PATH}:/home/shiyao/turtlebot3_ws/install/turtlebot3_teleop:/home/shiyao/turtlebot3_ws/install/turtlebot3_example:/opt/ros/jazzy DEBUGINFOD_URLS=https://debuginfod.ubuntu.com /usr/bin/cmake --build /home/shiyao/turtlebot3_ws/build/turtlebot3_gazebo -- -j12 -l12
