[ 75%] Built target obstacles
[ 75%] Built target obstacle1
[ 75%] Built target obstacle2
[ 87%] [32mBuilding CXX object CMakeFiles/turtlebot3_drive.dir/src/turtlebot3_drive.cpp.o[0m
[01m[K/home/shiyao/Documents/GitHub/MTRX3760-Project-1/turtlebot3_ws/src/turtlebot3_simulations/turtlebot3_gazebo/src/turtlebot3_drive.cpp:[m[K In constructor â€˜[01m[KTurtlebot3Drive::[01;32m[KTurtlebot3Drive[m[K()[m[Kâ€™:
[01m[K/home/shiyao/Documents/GitHub/MTRX3760-Project-1/turtlebot3_ws/src/turtlebot3_simulations/turtlebot3_gazebo/src/turtlebot3_drive.cpp:53:3:[m[K [01;31m[Kerror: [m[Kâ€˜[01m[Kcurrent_x_[m[Kâ€™ was not declared in this scope; did you mean â€˜[01m[Kcurrent_x[m[Kâ€™?
   53 |   [01;31m[Kcurrent_x_[m[K = 0.0;
      |   [01;31m[K^~~~~~~~~~[m[K
      |   [32m[Kcurrent_x[m[K
[01m[K/home/shiyao/Documents/GitHub/MTRX3760-Project-1/turtlebot3_ws/src/turtlebot3_simulations/turtlebot3_gazebo/src/turtlebot3_drive.cpp:54:3:[m[K [01;31m[Kerror: [m[Kâ€˜[01m[Kcurrent_y_[m[Kâ€™ was not declared in this scope; did you mean â€˜[01m[Kcurrent_y[m[Kâ€™?
   54 |   [01;31m[Kcurrent_y_[m[K = 0.0;
      |   [01;31m[K^~~~~~~~~~[m[K
      |   [32m[Kcurrent_y[m[K
[01m[K/home/shiyao/Documents/GitHub/MTRX3760-Project-1/turtlebot3_ws/src/turtlebot3_simulations/turtlebot3_gazebo/src/turtlebot3_drive.cpp:[m[K In member function â€˜[01m[Kvoid Turtlebot3Drive::[01;32m[Kodom_callback[m[K(nav_msgs::msg::Odometry_<std::allocator<void> >::SharedPtr)[m[Kâ€™:
[01m[K/home/shiyao/Documents/GitHub/MTRX3760-Project-1/turtlebot3_ws/src/turtlebot3_simulations/turtlebot3_gazebo/src/turtlebot3_drive.cpp:119:3:[m[K [01;31m[Kerror: [m[Kâ€˜[01m[Kcurrent_x_[m[Kâ€™ was not declared in this scope; did you mean â€˜[01m[Kcurrent_x[m[Kâ€™?
  119 |   [01;31m[Kcurrent_x_[m[K = msg->pose.pose.position.x;
      |   [01;31m[K^~~~~~~~~~[m[K
      |   [32m[Kcurrent_x[m[K
[01m[K/home/shiyao/Documents/GitHub/MTRX3760-Project-1/turtlebot3_ws/src/turtlebot3_simulations/turtlebot3_gazebo/src/turtlebot3_drive.cpp:120:3:[m[K [01;31m[Kerror: [m[Kâ€˜[01m[Kcurrent_y_[m[Kâ€™ was not declared in this scope; did you mean â€˜[01m[Kcurrent_y[m[Kâ€™?
  120 |   [01;31m[Kcurrent_y_[m[K = msg->pose.pose.position.y;
      |   [01;31m[K^~~~~~~~~~[m[K
      |   [32m[Kcurrent_y[m[K
[01m[K/home/shiyao/Documents/GitHub/MTRX3760-Project-1/turtlebot3_ws/src/turtlebot3_simulations/turtlebot3_gazebo/src/turtlebot3_drive.cpp:[m[K In member function â€˜[01m[Kvoid Turtlebot3Drive::[01;32m[Kupdate_callback[m[K()[m[Kâ€™:
[01m[K/home/shiyao/Documents/GitHub/MTRX3760-Project-1/turtlebot3_ws/src/turtlebot3_simulations/turtlebot3_gazebo/src/turtlebot3_drive.cpp:433:35:[m[K [01;31m[Kerror: [m[Kâ€˜[01m[Kcurrent_x_[m[Kâ€™ was not declared in this scope; did you mean â€˜[01m[Kcurrent_x[m[Kâ€™?
  433 |                 forward_start_x = [01;31m[Kcurrent_x_[m[K;
      |                                   [01;31m[K^~~~~~~~~~[m[K
      |                                   [32m[Kcurrent_x[m[K
[01m[K/home/shiyao/Documents/GitHub/MTRX3760-Project-1/turtlebot3_ws/src/turtlebot3_simulations/turtlebot3_gazebo/src/turtlebot3_drive.cpp:434:35:[m[K [01;31m[Kerror: [m[Kâ€˜[01m[Kcurrent_y_[m[Kâ€™ was not declared in this scope; did you mean â€˜[01m[Kcurrent_y[m[Kâ€™?
  434 |                 forward_start_y = [01;31m[Kcurrent_y_[m[K;
      |                                   [01;31m[K^~~~~~~~~~[m[K
      |                                   [32m[Kcurrent_y[m[K
[01m[K/home/shiyao/Documents/GitHub/MTRX3760-Project-1/turtlebot3_ws/src/turtlebot3_simulations/turtlebot3_gazebo/src/turtlebot3_drive.cpp:470:21:[m[K [01;31m[Kerror: [m[Kâ€˜[01m[Kcurrent_x_[m[Kâ€™ was not declared in this scope; did you mean â€˜[01m[Kcurrent_x[m[Kâ€™?
  470 |                 pow([01;31m[Kcurrent_x_[m[K - forward_start_x, 2) +
      |                     [01;31m[K^~~~~~~~~~[m[K
      |                     [32m[Kcurrent_x[m[K
[01m[K/home/shiyao/Documents/GitHub/MTRX3760-Project-1/turtlebot3_ws/src/turtlebot3_simulations/turtlebot3_gazebo/src/turtlebot3_drive.cpp:471:21:[m[K [01;31m[Kerror: [m[Kâ€˜[01m[Kcurrent_y_[m[Kâ€™ was not declared in this scope; did you mean â€˜[01m[Kcurrent_y[m[Kâ€™?
  471 |                 pow([01;31m[Kcurrent_y_[m[K - forward_start_y, 2)
      |                     [01;31m[K^~~~~~~~~~[m[K
      |                     [32m[Kcurrent_y[m[K
[01m[K/home/shiyao/Documents/GitHub/MTRX3760-Project-1/turtlebot3_ws/src/turtlebot3_simulations/turtlebot3_gazebo/src/turtlebot3_drive.cpp:340:18:[m[K [01;35m[Kwarning: [m[Kunused variable â€˜[01m[KWALL_FOLLOW_DISTANCE[m[Kâ€™ [[01;35m[K]8;;https://gcc.gnu.org/onlinedocs/gcc/Warning-Options.html#index-Wunused-variable-Wunused-variable]8;;[m[K]
  340 |     const double [01;35m[KWALL_FOLLOW_DISTANCE[m[K = 0.3;  // Ideal distance from right wall
      |                  [01;35m[K^~~~~~~~~~~~~~~~~~~~[m[K
gmake[2]: *** [CMakeFiles/turtlebot3_drive.dir/build.make:76: CMakeFiles/turtlebot3_drive.dir/src/turtlebot3_drive.cpp.o] Error 1
gmake[1]: *** [CMakeFiles/Makefile2:143: CMakeFiles/turtlebot3_drive.dir/all] Error 2
gmake: *** [Makefile:146: all] Error 2
