[0.008s] Invoking command in '/home/shiyao/Documents/GitHub/MTRX3760-Project-1/turtlebot3_ws/build/turtlebot3_gazebo': CMAKE_PREFIX_PATH=${CMAKE_PREFIX_PATH}:/home/shiyao/turtlebot3_ws/install/turtlebot3_teleop:/home/shiyao/turtlebot3_ws/install/turtlebot3_example:/home/shiyao/turtlebot3_ws/install/turtlebot3_gazebo:/opt/ros/jazzy DEBUGINFOD_URLS=https://debuginfod.ubuntu.com /usr/bin/cmake --build /home/shiyao/Documents/GitHub/MTRX3760-Project-1/turtlebot3_ws/build/turtlebot3_gazebo -- -j12 -l12
[0.063s] [ 75%] Built target obstacles
[0.063s] [ 75%] Built target obstacle1
[0.063s] [ 75%] Built target obstacle2
[0.066s] [ 87%] [32mBuilding CXX object CMakeFiles/turtlebot3_drive.dir/src/turtlebot3_drive.cpp.o[0m
[1.588s] [01m[K/home/shiyao/Documents/GitHub/MTRX3760-Project-1/turtlebot3_ws/src/turtlebot3_simulations/turtlebot3_gazebo/src/turtlebot3_drive.cpp:[m[K In constructor â€˜[01m[KTurtlebot3Drive::[01;32m[KTurtlebot3Drive[m[K()[m[Kâ€™:
[1.588s] [01m[K/home/shiyao/Documents/GitHub/MTRX3760-Project-1/turtlebot3_ws/src/turtlebot3_simulations/turtlebot3_gazebo/src/turtlebot3_drive.cpp:53:3:[m[K [01;31m[Kerror: [m[Kâ€˜[01m[Kcurrent_x_[m[Kâ€™ was not declared in this scope; did you mean â€˜[01m[Kcurrent_x[m[Kâ€™?
[1.588s]    53 |   [01;31m[Kcurrent_x_[m[K = 0.0;
[1.588s]       |   [01;31m[K^~~~~~~~~~[m[K
[1.588s]       |   [32m[Kcurrent_x[m[K
[1.592s] [01m[K/home/shiyao/Documents/GitHub/MTRX3760-Project-1/turtlebot3_ws/src/turtlebot3_simulations/turtlebot3_gazebo/src/turtlebot3_drive.cpp:54:3:[m[K [01;31m[Kerror: [m[Kâ€˜[01m[Kcurrent_y_[m[Kâ€™ was not declared in this scope; did you mean â€˜[01m[Kcurrent_y[m[Kâ€™?
[1.592s]    54 |   [01;31m[Kcurrent_y_[m[K = 0.0;
[1.592s]       |   [01;31m[K^~~~~~~~~~[m[K
[1.592s]       |   [32m[Kcurrent_y[m[K
[1.608s] [01m[K/home/shiyao/Documents/GitHub/MTRX3760-Project-1/turtlebot3_ws/src/turtlebot3_simulations/turtlebot3_gazebo/src/turtlebot3_drive.cpp:[m[K In member function â€˜[01m[Kvoid Turtlebot3Drive::[01;32m[Kodom_callback[m[K(nav_msgs::msg::Odometry_<std::allocator<void> >::SharedPtr)[m[Kâ€™:
[1.608s] [01m[K/home/shiyao/Documents/GitHub/MTRX3760-Project-1/turtlebot3_ws/src/turtlebot3_simulations/turtlebot3_gazebo/src/turtlebot3_drive.cpp:119:3:[m[K [01;31m[Kerror: [m[Kâ€˜[01m[Kcurrent_x_[m[Kâ€™ was not declared in this scope; did you mean â€˜[01m[Kcurrent_x[m[Kâ€™?
[1.608s]   119 |   [01;31m[Kcurrent_x_[m[K = msg->pose.pose.position.x;
[1.608s]       |   [01;31m[K^~~~~~~~~~[m[K
[1.608s]       |   [32m[Kcurrent_x[m[K
[1.612s] [01m[K/home/shiyao/Documents/GitHub/MTRX3760-Project-1/turtlebot3_ws/src/turtlebot3_simulations/turtlebot3_gazebo/src/turtlebot3_drive.cpp:120:3:[m[K [01;31m[Kerror: [m[Kâ€˜[01m[Kcurrent_y_[m[Kâ€™ was not declared in this scope; did you mean â€˜[01m[Kcurrent_y[m[Kâ€™?
[1.612s]   120 |   [01;31m[Kcurrent_y_[m[K = msg->pose.pose.position.y;
[1.612s]       |   [01;31m[K^~~~~~~~~~[m[K
[1.612s]       |   [32m[Kcurrent_y[m[K
[1.620s] [01m[K/home/shiyao/Documents/GitHub/MTRX3760-Project-1/turtlebot3_ws/src/turtlebot3_simulations/turtlebot3_gazebo/src/turtlebot3_drive.cpp:[m[K In member function â€˜[01m[Kvoid Turtlebot3Drive::[01;32m[Kupdate_callback[m[K()[m[Kâ€™:
[1.620s] [01m[K/home/shiyao/Documents/GitHub/MTRX3760-Project-1/turtlebot3_ws/src/turtlebot3_simulations/turtlebot3_gazebo/src/turtlebot3_drive.cpp:433:35:[m[K [01;31m[Kerror: [m[Kâ€˜[01m[Kcurrent_x_[m[Kâ€™ was not declared in this scope; did you mean â€˜[01m[Kcurrent_x[m[Kâ€™?
[1.620s]   433 |                 forward_start_x = [01;31m[Kcurrent_x_[m[K;
[1.620s]       |                                   [01;31m[K^~~~~~~~~~[m[K
[1.620s]       |                                   [32m[Kcurrent_x[m[K
[1.624s] [01m[K/home/shiyao/Documents/GitHub/MTRX3760-Project-1/turtlebot3_ws/src/turtlebot3_simulations/turtlebot3_gazebo/src/turtlebot3_drive.cpp:434:35:[m[K [01;31m[Kerror: [m[Kâ€˜[01m[Kcurrent_y_[m[Kâ€™ was not declared in this scope; did you mean â€˜[01m[Kcurrent_y[m[Kâ€™?
[1.624s]   434 |                 forward_start_y = [01;31m[Kcurrent_y_[m[K;
[1.624s]       |                                   [01;31m[K^~~~~~~~~~[m[K
[1.624s]       |                                   [32m[Kcurrent_y[m[K
[1.629s] [01m[K/home/shiyao/Documents/GitHub/MTRX3760-Project-1/turtlebot3_ws/src/turtlebot3_simulations/turtlebot3_gazebo/src/turtlebot3_drive.cpp:470:21:[m[K [01;31m[Kerror: [m[Kâ€˜[01m[Kcurrent_x_[m[Kâ€™ was not declared in this scope; did you mean â€˜[01m[Kcurrent_x[m[Kâ€™?
[1.629s]   470 |                 pow([01;31m[Kcurrent_x_[m[K - forward_start_x, 2) +
[1.629s]       |                     [01;31m[K^~~~~~~~~~[m[K
[1.629s]       |                     [32m[Kcurrent_x[m[K
[1.632s] [01m[K/home/shiyao/Documents/GitHub/MTRX3760-Project-1/turtlebot3_ws/src/turtlebot3_simulations/turtlebot3_gazebo/src/turtlebot3_drive.cpp:471:21:[m[K [01;31m[Kerror: [m[Kâ€˜[01m[Kcurrent_y_[m[Kâ€™ was not declared in this scope; did you mean â€˜[01m[Kcurrent_y[m[Kâ€™?
[1.632s]   471 |                 pow([01;31m[Kcurrent_y_[m[K - forward_start_y, 2)
[1.632s]       |                     [01;31m[K^~~~~~~~~~[m[K
[1.632s]       |                     [32m[Kcurrent_y[m[K
[1.633s] [01m[K/home/shiyao/Documents/GitHub/MTRX3760-Project-1/turtlebot3_ws/src/turtlebot3_simulations/turtlebot3_gazebo/src/turtlebot3_drive.cpp:340:18:[m[K [01;35m[Kwarning: [m[Kunused variable â€˜[01m[KWALL_FOLLOW_DISTANCE[m[Kâ€™ [[01;35m[K]8;;https://gcc.gnu.org/onlinedocs/gcc/Warning-Options.html#index-Wunused-variable-Wunused-variable]8;;[m[K]
[1.633s]   340 |     const double [01;35m[KWALL_FOLLOW_DISTANCE[m[K = 0.3;  // Ideal distance from right wall
[1.633s]       |                  [01;35m[K^~~~~~~~~~~~~~~~~~~~[m[K
[3.584s] gmake[2]: *** [CMakeFiles/turtlebot3_drive.dir/build.make:76: CMakeFiles/turtlebot3_drive.dir/src/turtlebot3_drive.cpp.o] Error 1
[3.585s] gmake[1]: *** [CMakeFiles/Makefile2:143: CMakeFiles/turtlebot3_drive.dir/all] Error 2
[3.585s] gmake: *** [Makefile:146: all] Error 2
[3.587s] Invoked command in '/home/shiyao/Documents/GitHub/MTRX3760-Project-1/turtlebot3_ws/build/turtlebot3_gazebo' returned '2': CMAKE_PREFIX_PATH=${CMAKE_PREFIX_PATH}:/home/shiyao/turtlebot3_ws/install/turtlebot3_teleop:/home/shiyao/turtlebot3_ws/install/turtlebot3_example:/home/shiyao/turtlebot3_ws/install/turtlebot3_gazebo:/opt/ros/jazzy DEBUGINFOD_URLS=https://debuginfod.ubuntu.com /usr/bin/cmake --build /home/shiyao/Documents/GitHub/MTRX3760-Project-1/turtlebot3_ws/build/turtlebot3_gazebo -- -j12 -l12
