[0.007s] Invoking command in '/home/shiyao/turtlebot3_ws/build/turtlebot3_gazebo': CMAKE_PREFIX_PATH=${CMAKE_PREFIX_PATH}:/home/shiyao/turtlebot3_ws/install/turtlebot3_teleop:/home/shiyao/turtlebot3_ws/install/turtlebot3_example:/opt/ros/jazzy DEBUGINFOD_URLS=https://debuginfod.ubuntu.com /usr/bin/cmake --build /home/shiyao/turtlebot3_ws/build/turtlebot3_gazebo -- -j12 -l12
[0.049s] [ 75%] Built target obstacles
[0.049s] [ 75%] Built target obstacle1
[0.049s] [ 75%] Built target obstacle2
[0.052s] [ 87%] [32mBuilding CXX object CMakeFiles/turtlebot3_drive.dir/src/turtlebot3_drive.cpp.o[0m
[1.442s] [01m[K/home/shiyao/turtlebot3_ws/src/turtlebot3_simulations/turtlebot3_gazebo/src/turtlebot3_drive.cpp:[m[K In function â€˜[01m[Kstd::string[01;32m[K getStateName[m[K(uint8_t)[m[Kâ€™:
[1.442s] [01m[K/home/shiyao/turtlebot3_ws/src/turtlebot3_simulations/turtlebot3_gazebo/src/turtlebot3_drive.cpp:28:10:[m[K [01;31m[Kerror: [m[Kâ€˜[01m[KGET_TB3_DIRECTION[m[Kâ€™ was not declared in this scope
[1.442s]    28 |     case [01;31m[KGET_TB3_DIRECTION[m[K: return "GET_TB3_DIRECTION";
[1.442s]       |          [01;31m[K^~~~~~~~~~~~~~~~~[m[K
[1.447s] [01m[K/home/shiyao/turtlebot3_ws/src/turtlebot3_simulations/turtlebot3_gazebo/src/turtlebot3_drive.cpp:29:10:[m[K [01;31m[Kerror: [m[Kâ€˜[01m[KTB3_DRIVE_FORWARD[m[Kâ€™ was not declared in this scope
[1.447s]    29 |     case [01;31m[KTB3_DRIVE_FORWARD[m[K: return "TB3_DRIVE_FORWARD";
[1.447s]       |          [01;31m[K^~~~~~~~~~~~~~~~~[m[K
[1.451s] [01m[K/home/shiyao/turtlebot3_ws/src/turtlebot3_simulations/turtlebot3_gazebo/src/turtlebot3_drive.cpp:30:10:[m[K [01;31m[Kerror: [m[Kâ€˜[01m[KTB3_RIGHT_TURN[m[Kâ€™ was not declared in this scope
[1.451s]    30 |     case [01;31m[KTB3_RIGHT_TURN[m[K:    return "TB3_RIGHT_TURN";
[1.451s]       |          [01;31m[K^~~~~~~~~~~~~~[m[K
[1.454s] [01m[K/home/shiyao/turtlebot3_ws/src/turtlebot3_simulations/turtlebot3_gazebo/src/turtlebot3_drive.cpp:31:10:[m[K [01;31m[Kerror: [m[Kâ€˜[01m[KTB3_LEFT_TURN[m[Kâ€™ was not declared in this scope
[1.454s]    31 |     case [01;31m[KTB3_LEFT_TURN[m[K:     return "TB3_LEFT_TURN";
[1.454s]       |          [01;31m[K^~~~~~~~~~~~~[m[K
[1.469s] [01m[K/home/shiyao/turtlebot3_ws/src/turtlebot3_simulations/turtlebot3_gazebo/src/turtlebot3_drive.cpp:[m[K In member function â€˜[01m[Kvoid Turtlebot3Drive::[01;32m[Kupdate_callback[m[K()[m[Kâ€™:
[1.469s] [01m[K/home/shiyao/turtlebot3_ws/src/turtlebot3_simulations/turtlebot3_gazebo/src/turtlebot3_drive.cpp:230:14:[m[K [01;31m[Kerror: [m[Kjump to case label
[1.469s]   230 |         case [01;31m[KTB3_LEFT_TURN[m[K:
[1.469s]       |              [01;31m[K^~~~~~~~~~~~~[m[K
[1.469s] [01m[K/home/shiyao/turtlebot3_ws/src/turtlebot3_simulations/turtlebot3_gazebo/src/turtlebot3_drive.cpp:215:20:[m[K [01;36m[Knote: [m[K  crosses initialization of â€˜[01m[Kdouble angle_diff[m[Kâ€™
[1.469s]   215 |             double [01;36m[Kangle_diff[m[K = normalise_angle(robot_pose_ - prev_robot_pose_);
[1.469s]       |                    [01;36m[K^~~~~~~~~~[m[K
[1.470s] [01m[K/home/shiyao/turtlebot3_ws/src/turtlebot3_simulations/turtlebot3_gazebo/src/turtlebot3_drive.cpp:232:20:[m[K [01;31m[Kerror: [m[Kredeclaration of â€˜[01m[Kdouble angle_diff[m[Kâ€™
[1.470s]   232 |             double [01;31m[Kangle_diff[m[K = normalise_angle(robot_pose_ - prev_robot_pose_);
[1.470s]       |                    [01;31m[K^~~~~~~~~~[m[K
[1.470s] [01m[K/home/shiyao/turtlebot3_ws/src/turtlebot3_simulations/turtlebot3_gazebo/src/turtlebot3_drive.cpp:215:20:[m[K [01;36m[Knote: [m[Kâ€˜[01m[Kdouble angle_diff[m[Kâ€™ previously declared here
[1.470s]   215 |             double [01;36m[Kangle_diff[m[K = normalise_angle(robot_pose_ - prev_robot_pose_);
[1.470s]       |                    [01;36m[K^~~~~~~~~~[m[K
[1.470s] [01m[K/home/shiyao/turtlebot3_ws/src/turtlebot3_simulations/turtlebot3_gazebo/src/turtlebot3_drive.cpp:246:9:[m[K [01;31m[Kerror: [m[Kjump to case label
[1.470s]   246 |         [01;31m[Kdefault[m[K:
[1.470s]       |         [01;31m[K^~~~~~~[m[K
[1.470s] [01m[K/home/shiyao/turtlebot3_ws/src/turtlebot3_simulations/turtlebot3_gazebo/src/turtlebot3_drive.cpp:215:20:[m[K [01;36m[Knote: [m[K  crosses initialization of â€˜[01m[Kdouble angle_diff[m[Kâ€™
[1.470s]   215 |             double [01;36m[Kangle_diff[m[K = normalise_angle(robot_pose_ - prev_robot_pose_);
[1.470s]       |                    [01;36m[K^~~~~~~~~~[m[K
[3.313s] gmake[2]: *** [CMakeFiles/turtlebot3_drive.dir/build.make:76: CMakeFiles/turtlebot3_drive.dir/src/turtlebot3_drive.cpp.o] Error 1
[3.313s] gmake[1]: *** [CMakeFiles/Makefile2:143: CMakeFiles/turtlebot3_drive.dir/all] Error 2
[3.313s] gmake: *** [Makefile:146: all] Error 2
[3.315s] Invoked command in '/home/shiyao/turtlebot3_ws/build/turtlebot3_gazebo' returned '2': CMAKE_PREFIX_PATH=${CMAKE_PREFIX_PATH}:/home/shiyao/turtlebot3_ws/install/turtlebot3_teleop:/home/shiyao/turtlebot3_ws/install/turtlebot3_example:/opt/ros/jazzy DEBUGINFOD_URLS=https://debuginfod.ubuntu.com /usr/bin/cmake --build /home/shiyao/turtlebot3_ws/build/turtlebot3_gazebo -- -j12 -l12
